<?xml version="1.0" encoding="UTF-8"?>
<!-- Generated by org.testng.reporters.JUnitReportReporter -->
<testsuite hostname="LAPTOP-76GONGC2" failures="0" tests="1" name="E2E.HomePageLaunch" time="1.694" errors="0" timestamp="2022-02-25T15:04:44 GMT" skipped="0">
  <testcase classname="E2E.HomePageLaunch" name="LaunchQvc" time="1.694"/>
  <system-out/>
</testsuite> <!-- E2E.HomePageLaunch -->
