<?xml version="1.0" encoding="UTF-8"?>
<!-- Generated by org.testng.reporters.JUnitReportReporter -->
<testsuite hostname="LAPTOP-76GONGC2" failures="0" tests="1" name="E2E.HomePageLaunch" time="5.993" errors="0" timestamp="2022-02-25T12:29:30 GMT" skipped="0">
  <testcase classname="E2E.HomePageLaunch" name="LaunchQvc" time="5.993"/>
  <system-out/>
</testsuite> <!-- E2E.HomePageLaunch -->
